<?xml version="1.0" encoding="UTF-8"?>
<!-- Generated by org.testng.reporters.JUnitXMLReporter -->
<testsuite hostname="Roel-PC" name="Default test" tests="4" failures="0" timestamp="24 Apr 2016 15:57:38 GMT" time="16.845" errors="0">
  <testcase name="loadPage" time="1.522" classname="Test1.Test1.LoginTest"/>
  <testcase name="testLoginMainpage" time="3.516" classname="Test1.Test1.LoginTest"/>
  <testcase name="filloutEmailFId" time="0.869" classname="Test1.Test1.LoginTest"/>
  <testcase name="filloutPassFId" time="0.122" classname="Test1.Test1.LoginTest"/>
</testsuite> <!-- Default test -->
